<?xml version="1.0" encoding="UTF-8"?>
<testng-results ignored="0" total="3" passed="3" failed="0" skipped="0">
  <reporter-output>
  </reporter-output>
  <suite started-at="2024-02-04T15:23:45 IST" name="CashOnPick_TestSuite" finished-at="2024-02-04T15:27:59 IST" duration-ms="253852">
    <groups>
    </groups>
    <test started-at="2024-02-04T15:23:45 IST" name="BasicFunctionalityTest" finished-at="2024-02-04T15:27:59 IST" duration-ms="253852">
      <class name="testPackageCashOnPick.testSellPhone">
        <test-method is-config="true" signature="beforeClass()[pri:0, instance:testPackageCashOnPick.testSellPhone@1ea9f6af]" started-at="2024-02-04T15:26:55 IST" name="beforeClass" finished-at="2024-02-04T15:27:02 IST" duration-ms="6381" status="PASS">
          <reporter-output>
          </reporter-output>
        </test-method> <!-- beforeClass -->
        <test-method signature="sellPhoneTest()[pri:0, instance:testPackageCashOnPick.testSellPhone@1ea9f6af]" started-at="2024-02-04T15:27:02 IST" name="sellPhoneTest" finished-at="2024-02-04T15:27:23 IST" duration-ms="21142" status="PASS">
          <reporter-output>
          </reporter-output>
        </test-method> <!-- sellPhoneTest -->
        <test-method is-config="true" signature="endExtent(org.testng.ITestResult)[pri:0, instance:testPackageCashOnPick.testSellPhone@1ea9f6af]" started-at="2024-02-04T15:27:23 IST" name="endExtent" finished-at="2024-02-04T15:27:23 IST" duration-ms="661" status="PASS">
          <params>
            <param index="0">
              <value>
                <![CDATA[[TestResult name=sellPhoneTest status=SUCCESS method=testSellPhone.sellPhoneTest()[pri:0, instance:testPackageCashOnPick.testSellPhone@1ea9f6af] output={null}]]]>
              </value>
            </param>
          </params>
          <reporter-output>
          </reporter-output>
        </test-method> <!-- endExtent -->
      </class> <!-- testPackageCashOnPick.testSellPhone -->
      <class name="testPackageCashOnPick.testLogin">
        <test-method is-config="true" signature="beforeClass()[pri:0, instance:testPackageCashOnPick.testLogin@6a192cfe]" started-at="2024-02-04T15:27:23 IST" name="beforeClass" finished-at="2024-02-04T15:27:29 IST" duration-ms="5476" status="PASS">
          <reporter-output>
          </reporter-output>
        </test-method> <!-- beforeClass -->
        <test-method signature="loginTest()[pri:0, instance:testPackageCashOnPick.testLogin@6a192cfe]" started-at="2024-02-04T15:27:29 IST" name="loginTest" finished-at="2024-02-04T15:27:58 IST" duration-ms="28851" status="PASS">
          <reporter-output>
          </reporter-output>
        </test-method> <!-- loginTest -->
        <test-method is-config="true" signature="endExtent(org.testng.ITestResult)[pri:0, instance:testPackageCashOnPick.testLogin@6a192cfe]" started-at="2024-02-04T15:27:58 IST" name="endExtent" finished-at="2024-02-04T15:27:58 IST" duration-ms="591" status="PASS">
          <params>
            <param index="0">
              <value>
                <![CDATA[[TestResult name=loginTest status=SUCCESS method=testLogin.loginTest()[pri:0, instance:testPackageCashOnPick.testLogin@6a192cfe] output={null}]]]>
              </value>
            </param>
          </params>
          <reporter-output>
          </reporter-output>
        </test-method> <!-- endExtent -->
      </class> <!-- testPackageCashOnPick.testLogin -->
      <class name="testPackageCashOnPick.testRegister">
        <test-method is-config="true" signature="setExtent()[pri:0, instance:testPackageCashOnPick.testRegister@7722c3c3]" started-at="2024-02-04T15:23:45 IST" name="setExtent" finished-at="2024-02-04T15:23:46 IST" duration-ms="1025" status="PASS">
          <reporter-output>
          </reporter-output>
        </test-method> <!-- setExtent -->
        <test-method is-config="true" signature="beforeClass()[pri:0, instance:testPackageCashOnPick.testRegister@7722c3c3]" started-at="2024-02-04T15:23:46 IST" name="beforeClass" finished-at="2024-02-04T15:23:57 IST" duration-ms="10284" status="PASS">
          <reporter-output>
          </reporter-output>
        </test-method> <!-- beforeClass -->
        <test-method signature="registerTest()[pri:0, instance:testPackageCashOnPick.testRegister@7722c3c3]" started-at="2024-02-04T15:23:57 IST" name="registerTest" finished-at="2024-02-04T15:26:54 IST" duration-ms="177448" status="PASS">
          <reporter-output>
          </reporter-output>
        </test-method> <!-- registerTest -->
        <test-method is-config="true" signature="endExtent(org.testng.ITestResult)[pri:0, instance:testPackageCashOnPick.testRegister@7722c3c3]" started-at="2024-02-04T15:26:54 IST" name="endExtent" finished-at="2024-02-04T15:26:55 IST" duration-ms="880" status="PASS">
          <params>
            <param index="0">
              <value>
                <![CDATA[[TestResult name=registerTest status=SUCCESS method=testRegister.registerTest()[pri:0, instance:testPackageCashOnPick.testRegister@7722c3c3] output={null}]]]>
              </value>
            </param>
          </params>
          <reporter-output>
          </reporter-output>
        </test-method> <!-- endExtent -->
        <test-method is-config="true" signature="tear()[pri:0, instance:testPackageCashOnPick.testRegister@7722c3c3]" started-at="2024-02-04T15:27:58 IST" name="tear" finished-at="2024-02-04T15:27:59 IST" duration-ms="980" status="PASS">
          <reporter-output>
          </reporter-output>
        </test-method> <!-- tear -->
      </class> <!-- testPackageCashOnPick.testRegister -->
    </test> <!-- BasicFunctionalityTest -->
  </suite> <!-- CashOnPick_TestSuite -->
</testng-results>
