<?xml version="1.0" encoding="UTF-8"?>
<!-- Generated by org.testng.reporters.JUnitXMLReporter -->
<testsuite ignored="4" hostname="Cuckoos-Air.bbrouter" failures="0" tests="3" name="BasicFunctionalityTest" time="253.852" errors="0" timestamp="2024-02-04T15:27:59 IST">
  <testcase classname="testPackageCashOnPick.testRegister" name="registerTest" time="177.448"/>
  <testcase classname="testPackageCashOnPick.testSellPhone" name="sellPhoneTest" time="21.142"/>
  <testcase classname="testPackageCashOnPick.testLogin" name="loginTest" time="28.851"/>
  <testcase classname="basePackageCashOnPick.BaseClass" name="@AfterTest tear" time="0.0">
    <ignored/>
  </testcase> <!-- @AfterTest tear -->
  <testcase classname="basePackageCashOnPick.BaseClass" name="@BeforeTest setExtent" time="0.0">
    <ignored/>
  </testcase> <!-- @BeforeTest setExtent -->
  <testcase classname="basePackageCashOnPick.BaseClass" name="@AfterTest tear" time="0.0">
    <ignored/>
  </testcase> <!-- @AfterTest tear -->
  <testcase classname="basePackageCashOnPick.BaseClass" name="@BeforeTest setExtent" time="0.0">
    <ignored/>
  </testcase> <!-- @BeforeTest setExtent -->
</testsuite> <!-- BasicFunctionalityTest -->
